CRITICAL - 2022-08-09 00:11:49 --> The framework needs the following extension(s) installed and loaded: intl.
in SYSTEMPATH\CodeIgniter.php on line 219.
 1 SYSTEMPATH\CodeIgniter.php(219): CodeIgniter\Exceptions\FrameworkException::forMissingExtension('intl')
 2 SYSTEMPATH\CodeIgniter.php(177): CodeIgniter\CodeIgniter->resolvePlatformExtensions()
 3 FCPATH\index.php(55): CodeIgniter\CodeIgniter->initialize()
CRITICAL - 2022-08-09 00:12:14 --> The framework needs the following extension(s) installed and loaded: intl.
in SYSTEMPATH\CodeIgniter.php on line 219.
 1 SYSTEMPATH\CodeIgniter.php(219): CodeIgniter\Exceptions\FrameworkException::forMissingExtension('intl')
 2 SYSTEMPATH\CodeIgniter.php(177): CodeIgniter\CodeIgniter->resolvePlatformExtensions()
 3 FCPATH\index.php(55): CodeIgniter\CodeIgniter->initialize()
CRITICAL - 2022-08-09 00:14:46 --> The framework needs the following extension(s) installed and loaded: intl.
in SYSTEMPATH\CodeIgniter.php on line 219.
 1 SYSTEMPATH\CodeIgniter.php(219): CodeIgniter\Exceptions\FrameworkException::forMissingExtension('intl')
 2 SYSTEMPATH\CodeIgniter.php(177): CodeIgniter\CodeIgniter->resolvePlatformExtensions()
 3 FCPATH\index.php(55): CodeIgniter\CodeIgniter->initialize()
CRITICAL - 2022-08-09 10:56:19 --> Undefined variable $id
in APPPATH\Controllers\Libros.php on line 49.
 1 APPPATH\Controllers\Libros.php(49): CodeIgniter\Debug\Exceptions->errorHandler(2, 'Undefined variable $id', 'APPPATH\\Controllers\\Libros.php', 49)
 2 SYSTEMPATH\CodeIgniter.php(898): App\Controllers\Libros->borrar('4')
 3 SYSTEMPATH\CodeIgniter.php(457): CodeIgniter\CodeIgniter->runController(Object(App\Controllers\Libros))
 4 SYSTEMPATH\CodeIgniter.php(340): CodeIgniter\CodeIgniter->handleRequest(null, Object(Config\Cache), false)
 5 FCPATH\index.php(67): CodeIgniter\CodeIgniter->run()
CRITICAL - 2022-08-09 11:08:21 --> Call to undefined method App\Models\Libro::firts
in SYSTEMPATH\Model.php on line 773.
 1 APPPATH\Controllers\Libros.php(51): CodeIgniter\Model->__call('firts', [])
 2 SYSTEMPATH\CodeIgniter.php(898): App\Controllers\Libros->borrar('3')
 3 SYSTEMPATH\CodeIgniter.php(457): CodeIgniter\CodeIgniter->runController(Object(App\Controllers\Libros))
 4 SYSTEMPATH\CodeIgniter.php(340): CodeIgniter\CodeIgniter->handleRequest(null, Object(Config\Cache), false)
 5 FCPATH\index.php(67): CodeIgniter\CodeIgniter->run()
CRITICAL - 2022-08-09 11:09:35 --> Call to undefined method App\Models\Libro::firts
in SYSTEMPATH\Model.php on line 773.
 1 APPPATH\Controllers\Libros.php(51): CodeIgniter\Model->__call('firts', [])
 2 SYSTEMPATH\CodeIgniter.php(898): App\Controllers\Libros->borrar('6')
 3 SYSTEMPATH\CodeIgniter.php(457): CodeIgniter\CodeIgniter->runController(Object(App\Controllers\Libros))
 4 SYSTEMPATH\CodeIgniter.php(340): CodeIgniter\CodeIgniter->handleRequest(null, Object(Config\Cache), false)
 5 FCPATH\index.php(67): CodeIgniter\CodeIgniter->run()
CRITICAL - 2022-08-09 11:11:14 --> Call to undefined method App\Models\Libro::firts
in SYSTEMPATH\Model.php on line 773.
 1 APPPATH\Controllers\Libros.php(51): CodeIgniter\Model->__call('firts', [])
 2 SYSTEMPATH\CodeIgniter.php(898): App\Controllers\Libros->borrar('3')
 3 SYSTEMPATH\CodeIgniter.php(457): CodeIgniter\CodeIgniter->runController(Object(App\Controllers\Libros))
 4 SYSTEMPATH\CodeIgniter.php(340): CodeIgniter\CodeIgniter->handleRequest(null, Object(Config\Cache), false)
 5 FCPATH\index.php(67): CodeIgniter\CodeIgniter->run()
CRITICAL - 2022-08-09 11:13:58 --> Call to undefined method App\Models\Libro::firts
in SYSTEMPATH\Model.php on line 773.
 1 APPPATH\Controllers\Libros.php(51): CodeIgniter\Model->__call('firts', [])
 2 SYSTEMPATH\CodeIgniter.php(898): App\Controllers\Libros->borrar('3')
 3 SYSTEMPATH\CodeIgniter.php(457): CodeIgniter\CodeIgniter->runController(Object(App\Controllers\Libros))
 4 SYSTEMPATH\CodeIgniter.php(340): CodeIgniter\CodeIgniter->handleRequest(null, Object(Config\Cache), false)
 5 FCPATH\index.php(67): CodeIgniter\CodeIgniter->run()
CRITICAL - 2022-08-09 11:15:15 --> Call to undefined method App\Models\Libro::firts
in SYSTEMPATH\Model.php on line 773.
 1 APPPATH\Controllers\Libros.php(51): CodeIgniter\Model->__call('firts', [])
 2 SYSTEMPATH\CodeIgniter.php(898): App\Controllers\Libros->borrar('3')
 3 SYSTEMPATH\CodeIgniter.php(457): CodeIgniter\CodeIgniter->runController(Object(App\Controllers\Libros))
 4 SYSTEMPATH\CodeIgniter.php(340): CodeIgniter\CodeIgniter->handleRequest(null, Object(Config\Cache), false)
 5 FCPATH\index.php(67): CodeIgniter\CodeIgniter->run()
CRITICAL - 2022-08-09 11:16:05 --> Call to undefined method App\Models\Libro::firts
in SYSTEMPATH\Model.php on line 773.
 1 APPPATH\Controllers\Libros.php(51): CodeIgniter\Model->__call('firts', [])
 2 SYSTEMPATH\CodeIgniter.php(898): App\Controllers\Libros->borrar('3')
 3 SYSTEMPATH\CodeIgniter.php(457): CodeIgniter\CodeIgniter->runController(Object(App\Controllers\Libros))
 4 SYSTEMPATH\CodeIgniter.php(340): CodeIgniter\CodeIgniter->handleRequest(null, Object(Config\Cache), false)
 5 FCPATH\index.php(67): CodeIgniter\CodeIgniter->run()
CRITICAL - 2022-08-09 11:16:13 --> Call to undefined method App\Models\Libro::firts
in SYSTEMPATH\Model.php on line 773.
 1 APPPATH\Controllers\Libros.php(51): CodeIgniter\Model->__call('firts', [])
 2 SYSTEMPATH\CodeIgniter.php(898): App\Controllers\Libros->borrar('3')
 3 SYSTEMPATH\CodeIgniter.php(457): CodeIgniter\CodeIgniter->runController(Object(App\Controllers\Libros))
 4 SYSTEMPATH\CodeIgniter.php(340): CodeIgniter\CodeIgniter->handleRequest(null, Object(Config\Cache), false)
 5 FCPATH\index.php(67): CodeIgniter\CodeIgniter->run()
CRITICAL - 2022-08-09 11:19:09 --> Undefined variable $header
in APPPATH\Views\libros\listar.php on line 9.
 1 APPPATH\Views\libros\listar.php(9): CodeIgniter\Debug\Exceptions->errorHandler(2, 'Undefined variable $header', 'APPPATH\\Views\\libros\\listar.php', 9)
 2 SYSTEMPATH\View\View.php(213): include('APPPATH\\Views\\libros\\listar.php')
 3 SYSTEMPATH\View\View.php(216): CodeIgniter\View\View->CodeIgniter\View\{closure}()
 4 SYSTEMPATH\Common.php(1137): CodeIgniter\View\View->render('libros/listar', [], true)
 5 APPPATH\Controllers\Home.php(9): view('libros/listar')
 6 SYSTEMPATH\CodeIgniter.php(898): App\Controllers\Home->index()
 7 SYSTEMPATH\CodeIgniter.php(457): CodeIgniter\CodeIgniter->runController(Object(App\Controllers\Home))
 8 SYSTEMPATH\CodeIgniter.php(340): CodeIgniter\CodeIgniter->handleRequest(null, Object(Config\Cache), false)
 9 FCPATH\index.php(67): CodeIgniter\CodeIgniter->run()
CRITICAL - 2022-08-09 11:19:18 --> Call to undefined method App\Models\Libro::firts
in SYSTEMPATH\Model.php on line 773.
 1 APPPATH\Controllers\Libros.php(51): CodeIgniter\Model->__call('firts', [])
 2 SYSTEMPATH\CodeIgniter.php(898): App\Controllers\Libros->borrar('3')
 3 SYSTEMPATH\CodeIgniter.php(457): CodeIgniter\CodeIgniter->runController(Object(App\Controllers\Libros))
 4 SYSTEMPATH\CodeIgniter.php(340): CodeIgniter\CodeIgniter->handleRequest(null, Object(Config\Cache), false)
 5 FCPATH\index.php(67): CodeIgniter\CodeIgniter->run()
CRITICAL - 2022-08-09 11:22:33 --> Call to undefined method App\Models\Libro::firts
in SYSTEMPATH\Model.php on line 773.
 1 APPPATH\Controllers\Libros.php(51): CodeIgniter\Model->__call('firts', [])
 2 SYSTEMPATH\CodeIgniter.php(898): App\Controllers\Libros->borrar('3')
 3 SYSTEMPATH\CodeIgniter.php(457): CodeIgniter\CodeIgniter->runController(Object(App\Controllers\Libros))
 4 SYSTEMPATH\CodeIgniter.php(340): CodeIgniter\CodeIgniter->handleRequest(null, Object(Config\Cache), false)
 5 FCPATH\index.php(67): CodeIgniter\CodeIgniter->run()
CRITICAL - 2022-08-09 11:25:09 --> Call to undefined method App\Models\Libro::firts
in SYSTEMPATH\Model.php on line 773.
 1 APPPATH\Controllers\Libros.php(51): CodeIgniter\Model->__call('firts', [])
 2 SYSTEMPATH\CodeIgniter.php(898): App\Controllers\Libros->borrar('3')
 3 SYSTEMPATH\CodeIgniter.php(457): CodeIgniter\CodeIgniter->runController(Object(App\Controllers\Libros))
 4 SYSTEMPATH\CodeIgniter.php(340): CodeIgniter\CodeIgniter->handleRequest(null, Object(Config\Cache), false)
 5 FCPATH\index.php(67): CodeIgniter\CodeIgniter->run()
CRITICAL - 2022-08-09 11:26:13 --> Call to undefined method App\Models\Libro::firts
in SYSTEMPATH\Model.php on line 773.
 1 APPPATH\Controllers\Libros.php(51): CodeIgniter\Model->__call('firts', [])
 2 SYSTEMPATH\CodeIgniter.php(898): App\Controllers\Libros->borrar('3')
 3 SYSTEMPATH\CodeIgniter.php(457): CodeIgniter\CodeIgniter->runController(Object(App\Controllers\Libros))
 4 SYSTEMPATH\CodeIgniter.php(340): CodeIgniter\CodeIgniter->handleRequest(null, Object(Config\Cache), false)
 5 FCPATH\index.php(67): CodeIgniter\CodeIgniter->run()
CRITICAL - 2022-08-09 11:26:19 --> Undefined variable $header
in APPPATH\Views\libros\listar.php on line 9.
 1 APPPATH\Views\libros\listar.php(9): CodeIgniter\Debug\Exceptions->errorHandler(2, 'Undefined variable $header', 'APPPATH\\Views\\libros\\listar.php', 9)
 2 SYSTEMPATH\View\View.php(213): include('APPPATH\\Views\\libros\\listar.php')
 3 SYSTEMPATH\View\View.php(216): CodeIgniter\View\View->CodeIgniter\View\{closure}()
 4 SYSTEMPATH\Common.php(1137): CodeIgniter\View\View->render('libros/listar', [], true)
 5 APPPATH\Controllers\Home.php(9): view('libros/listar')
 6 SYSTEMPATH\CodeIgniter.php(898): App\Controllers\Home->index()
 7 SYSTEMPATH\CodeIgniter.php(457): CodeIgniter\CodeIgniter->runController(Object(App\Controllers\Home))
 8 SYSTEMPATH\CodeIgniter.php(340): CodeIgniter\CodeIgniter->handleRequest(null, Object(Config\Cache), false)
 9 FCPATH\index.php(67): CodeIgniter\CodeIgniter->run()
CRITICAL - 2022-08-09 11:26:28 --> Call to undefined method App\Models\Libro::firts
in SYSTEMPATH\Model.php on line 773.
 1 APPPATH\Controllers\Libros.php(51): CodeIgniter\Model->__call('firts', [])
 2 SYSTEMPATH\CodeIgniter.php(898): App\Controllers\Libros->borrar('3')
 3 SYSTEMPATH\CodeIgniter.php(457): CodeIgniter\CodeIgniter->runController(Object(App\Controllers\Libros))
 4 SYSTEMPATH\CodeIgniter.php(340): CodeIgniter\CodeIgniter->handleRequest(null, Object(Config\Cache), false)
 5 FCPATH\index.php(67): CodeIgniter\CodeIgniter->run()
CRITICAL - 2022-08-09 11:30:24 --> Call to undefined method App\Models\Libro::firts
in SYSTEMPATH\Model.php on line 773.
 1 APPPATH\Controllers\Libros.php(51): CodeIgniter\Model->__call('firts', [])
 2 SYSTEMPATH\CodeIgniter.php(898): App\Controllers\Libros->borrar('3')
 3 SYSTEMPATH\CodeIgniter.php(457): CodeIgniter\CodeIgniter->runController(Object(App\Controllers\Libros))
 4 SYSTEMPATH\CodeIgniter.php(340): CodeIgniter\CodeIgniter->handleRequest(null, Object(Config\Cache), false)
 5 FCPATH\index.php(67): CodeIgniter\CodeIgniter->run()
CRITICAL - 2022-08-09 11:30:46 --> Call to undefined method App\Models\Libro::firts
in SYSTEMPATH\Model.php on line 773.
 1 APPPATH\Controllers\Libros.php(51): CodeIgniter\Model->__call('firts', [])
 2 SYSTEMPATH\CodeIgniter.php(898): App\Controllers\Libros->borrar('3')
 3 SYSTEMPATH\CodeIgniter.php(457): CodeIgniter\CodeIgniter->runController(Object(App\Controllers\Libros))
 4 SYSTEMPATH\CodeIgniter.php(340): CodeIgniter\CodeIgniter->handleRequest(null, Object(Config\Cache), false)
 5 FCPATH\index.php(67): CodeIgniter\CodeIgniter->run()
CRITICAL - 2022-08-09 11:32:24 --> Call to undefined method App\Models\Libro::firts
in SYSTEMPATH\Model.php on line 773.
 1 APPPATH\Controllers\Libros.php(51): CodeIgniter\Model->__call('firts', [])
 2 SYSTEMPATH\CodeIgniter.php(898): App\Controllers\Libros->borrar('3')
 3 SYSTEMPATH\CodeIgniter.php(457): CodeIgniter\CodeIgniter->runController(Object(App\Controllers\Libros))
 4 SYSTEMPATH\CodeIgniter.php(340): CodeIgniter\CodeIgniter->handleRequest(null, Object(Config\Cache), false)
 5 FCPATH\index.php(67): CodeIgniter\CodeIgniter->run()
CRITICAL - 2022-08-09 11:32:51 --> Call to undefined method App\Models\Libro::firts
in SYSTEMPATH\Model.php on line 773.
 1 APPPATH\Controllers\Libros.php(51): CodeIgniter\Model->__call('firts', [])
 2 SYSTEMPATH\CodeIgniter.php(898): App\Controllers\Libros->borrar('3')
 3 SYSTEMPATH\CodeIgniter.php(457): CodeIgniter\CodeIgniter->runController(Object(App\Controllers\Libros))
 4 SYSTEMPATH\CodeIgniter.php(340): CodeIgniter\CodeIgniter->handleRequest(null, Object(Config\Cache), false)
 5 FCPATH\index.php(67): CodeIgniter\CodeIgniter->run()
CRITICAL - 2022-08-09 11:42:07 --> Call to undefined method App\Models\Libro::firts
in SYSTEMPATH\Model.php on line 773.
 1 APPPATH\Controllers\Libros.php(51): CodeIgniter\Model->__call('firts', [])
 2 SYSTEMPATH\CodeIgniter.php(898): App\Controllers\Libros->borrar('3')
 3 SYSTEMPATH\CodeIgniter.php(457): CodeIgniter\CodeIgniter->runController(Object(App\Controllers\Libros))
 4 SYSTEMPATH\CodeIgniter.php(340): CodeIgniter\CodeIgniter->handleRequest(null, Object(Config\Cache), false)
 5 FCPATH\index.php(67): CodeIgniter\CodeIgniter->run()
CRITICAL - 2022-08-09 11:42:39 --> Call to undefined method App\Models\Libro::firts
in SYSTEMPATH\Model.php on line 773.
 1 APPPATH\Controllers\Libros.php(51): CodeIgniter\Model->__call('firts', [])
 2 SYSTEMPATH\CodeIgniter.php(898): App\Controllers\Libros->borrar('4')
 3 SYSTEMPATH\CodeIgniter.php(457): CodeIgniter\CodeIgniter->runController(Object(App\Controllers\Libros))
 4 SYSTEMPATH\CodeIgniter.php(340): CodeIgniter\CodeIgniter->handleRequest(null, Object(Config\Cache), false)
 5 FCPATH\index.php(67): CodeIgniter\CodeIgniter->run()
CRITICAL - 2022-08-09 11:47:09 --> Call to undefined method App\Models\Libro::firts
in SYSTEMPATH\Model.php on line 773.
 1 APPPATH\Controllers\Libros.php(51): CodeIgniter\Model->__call('firts', [])
 2 SYSTEMPATH\CodeIgniter.php(898): App\Controllers\Libros->borrar('3')
 3 SYSTEMPATH\CodeIgniter.php(457): CodeIgniter\CodeIgniter->runController(Object(App\Controllers\Libros))
 4 SYSTEMPATH\CodeIgniter.php(340): CodeIgniter\CodeIgniter->handleRequest(null, Object(Config\Cache), false)
 5 FCPATH\index.php(67): CodeIgniter\CodeIgniter->run()
CRITICAL - 2022-08-09 11:47:38 --> Cannot use object of type App\Models\Libro as array
in APPPATH\Controllers\Libros.php on line 51.
 1 SYSTEMPATH\CodeIgniter.php(898): App\Controllers\Libros->borrar('3')
 2 SYSTEMPATH\CodeIgniter.php(457): CodeIgniter\CodeIgniter->runController(Object(App\Controllers\Libros))
 3 SYSTEMPATH\CodeIgniter.php(340): CodeIgniter\CodeIgniter->handleRequest(null, Object(Config\Cache), false)
 4 FCPATH\index.php(67): CodeIgniter\CodeIgniter->run()
CRITICAL - 2022-08-09 11:47:45 --> Cannot use object of type App\Models\Libro as array
in APPPATH\Controllers\Libros.php on line 51.
 1 SYSTEMPATH\CodeIgniter.php(898): App\Controllers\Libros->borrar('2')
 2 SYSTEMPATH\CodeIgniter.php(457): CodeIgniter\CodeIgniter->runController(Object(App\Controllers\Libros))
 3 SYSTEMPATH\CodeIgniter.php(340): CodeIgniter\CodeIgniter->handleRequest(null, Object(Config\Cache), false)
 4 FCPATH\index.php(67): CodeIgniter\CodeIgniter->run()
CRITICAL - 2022-08-09 11:48:18 --> Call to undefined method App\Models\Libro::firts
in SYSTEMPATH\Model.php on line 773.
 1 APPPATH\Controllers\Libros.php(51): CodeIgniter\Model->__call('firts', [])
 2 SYSTEMPATH\CodeIgniter.php(898): App\Controllers\Libros->borrar('2')
 3 SYSTEMPATH\CodeIgniter.php(457): CodeIgniter\CodeIgniter->runController(Object(App\Controllers\Libros))
 4 SYSTEMPATH\CodeIgniter.php(340): CodeIgniter\CodeIgniter->handleRequest(null, Object(Config\Cache), false)
 5 FCPATH\index.php(67): CodeIgniter\CodeIgniter->run()
CRITICAL - 2022-08-09 11:55:24 --> Array to string conversion
in APPPATH\Controllers\Libros.php on line 52.
 1 APPPATH\Controllers\Libros.php(52): CodeIgniter\Debug\Exceptions->errorHandler(2, 'Array to string conversion', 'APPPATH\\Controllers\\Libros.php', 52)
 2 SYSTEMPATH\CodeIgniter.php(898): App\Controllers\Libros->borrar('2')
 3 SYSTEMPATH\CodeIgniter.php(457): CodeIgniter\CodeIgniter->runController(Object(App\Controllers\Libros))
 4 SYSTEMPATH\CodeIgniter.php(340): CodeIgniter\CodeIgniter->handleRequest(null, Object(Config\Cache), false)
 5 FCPATH\index.php(67): CodeIgniter\CodeIgniter->run()
CRITICAL - 2022-08-09 11:57:47 --> Call to undefined method App\Models\Libro::firts
in SYSTEMPATH\Model.php on line 773.
 1 APPPATH\Controllers\Libros.php(52): CodeIgniter\Model->__call('firts', [])
 2 SYSTEMPATH\CodeIgniter.php(898): App\Controllers\Libros->borrar('6')
 3 SYSTEMPATH\CodeIgniter.php(457): CodeIgniter\CodeIgniter->runController(Object(App\Controllers\Libros))
 4 SYSTEMPATH\CodeIgniter.php(340): CodeIgniter\CodeIgniter->handleRequest(null, Object(Config\Cache), false)
 5 FCPATH\index.php(67): CodeIgniter\CodeIgniter->run()
CRITICAL - 2022-08-09 12:00:02 --> Call to undefined method App\Models\Libro::firts
in SYSTEMPATH\Model.php on line 773.
 1 APPPATH\Controllers\Libros.php(52): CodeIgniter\Model->__call('firts', [])
 2 SYSTEMPATH\CodeIgniter.php(898): App\Controllers\Libros->borrar('2')
 3 SYSTEMPATH\CodeIgniter.php(457): CodeIgniter\CodeIgniter->runController(Object(App\Controllers\Libros))
 4 SYSTEMPATH\CodeIgniter.php(340): CodeIgniter\CodeIgniter->handleRequest(null, Object(Config\Cache), false)
 5 FCPATH\index.php(67): CodeIgniter\CodeIgniter->run()
CRITICAL - 2022-08-09 12:03:24 --> Undefined array key "imagen"
in APPPATH\Controllers\Libros.php on line 54.
 1 APPPATH\Controllers\Libros.php(54): CodeIgniter\Debug\Exceptions->errorHandler(2, 'Undefined array key "imagen"', 'APPPATH\\Controllers\\Libros.php', 54)
 2 SYSTEMPATH\CodeIgniter.php(898): App\Controllers\Libros->borrar('3')
 3 SYSTEMPATH\CodeIgniter.php(457): CodeIgniter\CodeIgniter->runController(Object(App\Controllers\Libros))
 4 SYSTEMPATH\CodeIgniter.php(340): CodeIgniter\CodeIgniter->handleRequest(null, Object(Config\Cache), false)
 5 FCPATH\index.php(67): CodeIgniter\CodeIgniter->run()
CRITICAL - 2022-08-09 12:03:36 --> Undefined array key "imagen"
in APPPATH\Controllers\Libros.php on line 54.
 1 APPPATH\Controllers\Libros.php(54): CodeIgniter\Debug\Exceptions->errorHandler(2, 'Undefined array key "imagen"', 'APPPATH\\Controllers\\Libros.php', 54)
 2 SYSTEMPATH\CodeIgniter.php(898): App\Controllers\Libros->borrar('3')
 3 SYSTEMPATH\CodeIgniter.php(457): CodeIgniter\CodeIgniter->runController(Object(App\Controllers\Libros))
 4 SYSTEMPATH\CodeIgniter.php(340): CodeIgniter\CodeIgniter->handleRequest(null, Object(Config\Cache), false)
 5 FCPATH\index.php(67): CodeIgniter\CodeIgniter->run()
CRITICAL - 2022-08-09 12:04:10 --> Undefined array key "imagen"
in APPPATH\Controllers\Libros.php on line 53.
 1 APPPATH\Controllers\Libros.php(53): CodeIgniter\Debug\Exceptions->errorHandler(2, 'Undefined array key "imagen"', 'APPPATH\\Controllers\\Libros.php', 53)
 2 SYSTEMPATH\CodeIgniter.php(898): App\Controllers\Libros->borrar('2')
 3 SYSTEMPATH\CodeIgniter.php(457): CodeIgniter\CodeIgniter->runController(Object(App\Controllers\Libros))
 4 SYSTEMPATH\CodeIgniter.php(340): CodeIgniter\CodeIgniter->handleRequest(null, Object(Config\Cache), false)
 5 FCPATH\index.php(67): CodeIgniter\CodeIgniter->run()
CRITICAL - 2022-08-09 12:04:24 --> Call to undefined method App\Models\Libro::firts
in SYSTEMPATH\Model.php on line 773.
 1 APPPATH\Controllers\Libros.php(52): CodeIgniter\Model->__call('firts', [])
 2 SYSTEMPATH\CodeIgniter.php(898): App\Controllers\Libros->borrar('2')
 3 SYSTEMPATH\CodeIgniter.php(457): CodeIgniter\CodeIgniter->runController(Object(App\Controllers\Libros))
 4 SYSTEMPATH\CodeIgniter.php(340): CodeIgniter\CodeIgniter->handleRequest(null, Object(Config\Cache), false)
 5 FCPATH\index.php(67): CodeIgniter\CodeIgniter->run()
CRITICAL - 2022-08-09 12:05:09 --> Undefined array key "imagen"
in APPPATH\Controllers\Libros.php on line 53.
 1 APPPATH\Controllers\Libros.php(53): CodeIgniter\Debug\Exceptions->errorHandler(2, 'Undefined array key "imagen"', 'APPPATH\\Controllers\\Libros.php', 53)
 2 SYSTEMPATH\CodeIgniter.php(898): App\Controllers\Libros->borrar('2')
 3 SYSTEMPATH\CodeIgniter.php(457): CodeIgniter\CodeIgniter->runController(Object(App\Controllers\Libros))
 4 SYSTEMPATH\CodeIgniter.php(340): CodeIgniter\CodeIgniter->handleRequest(null, Object(Config\Cache), false)
 5 FCPATH\index.php(67): CodeIgniter\CodeIgniter->run()
CRITICAL - 2022-08-09 12:05:18 --> Undefined array key "imagen"
in APPPATH\Controllers\Libros.php on line 53.
 1 APPPATH\Controllers\Libros.php(53): CodeIgniter\Debug\Exceptions->errorHandler(2, 'Undefined array key "imagen"', 'APPPATH\\Controllers\\Libros.php', 53)
 2 SYSTEMPATH\CodeIgniter.php(898): App\Controllers\Libros->borrar('2')
 3 SYSTEMPATH\CodeIgniter.php(457): CodeIgniter\CodeIgniter->runController(Object(App\Controllers\Libros))
 4 SYSTEMPATH\CodeIgniter.php(340): CodeIgniter\CodeIgniter->handleRequest(null, Object(Config\Cache), false)
 5 FCPATH\index.php(67): CodeIgniter\CodeIgniter->run()
CRITICAL - 2022-08-09 12:05:22 --> Undefined array key "imagen"
in APPPATH\Controllers\Libros.php on line 53.
 1 APPPATH\Controllers\Libros.php(53): CodeIgniter\Debug\Exceptions->errorHandler(2, 'Undefined array key "imagen"', 'APPPATH\\Controllers\\Libros.php', 53)
 2 SYSTEMPATH\CodeIgniter.php(898): App\Controllers\Libros->borrar('3')
 3 SYSTEMPATH\CodeIgniter.php(457): CodeIgniter\CodeIgniter->runController(Object(App\Controllers\Libros))
 4 SYSTEMPATH\CodeIgniter.php(340): CodeIgniter\CodeIgniter->handleRequest(null, Object(Config\Cache), false)
 5 FCPATH\index.php(67): CodeIgniter\CodeIgniter->run()
CRITICAL - 2022-08-09 12:08:22 --> Undefined array key "imagen"
in APPPATH\Controllers\Libros.php on line 53.
 1 APPPATH\Controllers\Libros.php(53): CodeIgniter\Debug\Exceptions->errorHandler(2, 'Undefined array key "imagen"', 'APPPATH\\Controllers\\Libros.php', 53)
 2 SYSTEMPATH\CodeIgniter.php(898): App\Controllers\Libros->borrar('3')
 3 SYSTEMPATH\CodeIgniter.php(457): CodeIgniter\CodeIgniter->runController(Object(App\Controllers\Libros))
 4 SYSTEMPATH\CodeIgniter.php(340): CodeIgniter\CodeIgniter->handleRequest(null, Object(Config\Cache), false)
 5 FCPATH\index.php(67): CodeIgniter\CodeIgniter->run()
CRITICAL - 2022-08-09 12:13:38 --> Call to undefined method App\Models\Libro::firts
in SYSTEMPATH\Model.php on line 773.
 1 APPPATH\Controllers\Libros.php(52): CodeIgniter\Model->__call('firts', [])
 2 SYSTEMPATH\CodeIgniter.php(898): App\Controllers\Libros->borrar('3')
 3 SYSTEMPATH\CodeIgniter.php(457): CodeIgniter\CodeIgniter->runController(Object(App\Controllers\Libros))
 4 SYSTEMPATH\CodeIgniter.php(340): CodeIgniter\CodeIgniter->handleRequest(null, Object(Config\Cache), false)
 5 FCPATH\index.php(67): CodeIgniter\CodeIgniter->run()
CRITICAL - 2022-08-09 12:15:48 --> Undefined array key "imagen"
in APPPATH\Controllers\Libros.php on line 53.
 1 APPPATH\Controllers\Libros.php(53): CodeIgniter\Debug\Exceptions->errorHandler(2, 'Undefined array key "imagen"', 'APPPATH\\Controllers\\Libros.php', 53)
 2 SYSTEMPATH\CodeIgniter.php(898): App\Controllers\Libros->borrar('4')
 3 SYSTEMPATH\CodeIgniter.php(457): CodeIgniter\CodeIgniter->runController(Object(App\Controllers\Libros))
 4 SYSTEMPATH\CodeIgniter.php(340): CodeIgniter\CodeIgniter->handleRequest(null, Object(Config\Cache), false)
 5 FCPATH\index.php(67): CodeIgniter\CodeIgniter->run()
CRITICAL - 2022-08-09 12:16:31 --> Undefined array key "imagen"
in APPPATH\Controllers\Libros.php on line 53.
 1 APPPATH\Controllers\Libros.php(53): CodeIgniter\Debug\Exceptions->errorHandler(2, 'Undefined array key "imagen"', 'APPPATH\\Controllers\\Libros.php', 53)
 2 SYSTEMPATH\CodeIgniter.php(898): App\Controllers\Libros->borrar('2')
 3 SYSTEMPATH\CodeIgniter.php(457): CodeIgniter\CodeIgniter->runController(Object(App\Controllers\Libros))
 4 SYSTEMPATH\CodeIgniter.php(340): CodeIgniter\CodeIgniter->handleRequest(null, Object(Config\Cache), false)
 5 FCPATH\index.php(67): CodeIgniter\CodeIgniter->run()
CRITICAL - 2022-08-09 12:17:11 --> Undefined array key "imagen"
in APPPATH\Controllers\Libros.php on line 53.
 1 APPPATH\Controllers\Libros.php(53): CodeIgniter\Debug\Exceptions->errorHandler(2, 'Undefined array key "imagen"', 'APPPATH\\Controllers\\Libros.php', 53)
 2 SYSTEMPATH\CodeIgniter.php(898): App\Controllers\Libros->borrar('2')
 3 SYSTEMPATH\CodeIgniter.php(457): CodeIgniter\CodeIgniter->runController(Object(App\Controllers\Libros))
 4 SYSTEMPATH\CodeIgniter.php(340): CodeIgniter\CodeIgniter->handleRequest(null, Object(Config\Cache), false)
 5 FCPATH\index.php(67): CodeIgniter\CodeIgniter->run()
CRITICAL - 2022-08-09 12:18:44 --> Call to undefined method App\Models\Libro::firts
in SYSTEMPATH\Model.php on line 773.
 1 APPPATH\Controllers\Libros.php(52): CodeIgniter\Model->__call('firts', [])
 2 SYSTEMPATH\CodeIgniter.php(898): App\Controllers\Libros->borrar('2')
 3 SYSTEMPATH\CodeIgniter.php(457): CodeIgniter\CodeIgniter->runController(Object(App\Controllers\Libros))
 4 SYSTEMPATH\CodeIgniter.php(340): CodeIgniter\CodeIgniter->handleRequest(null, Object(Config\Cache), false)
 5 FCPATH\index.php(67): CodeIgniter\CodeIgniter->run()
CRITICAL - 2022-08-09 12:19:14 --> Cannot use object of type App\Models\Libro as array
in APPPATH\Controllers\Libros.php on line 52.
 1 SYSTEMPATH\CodeIgniter.php(898): App\Controllers\Libros->borrar('2')
 2 SYSTEMPATH\CodeIgniter.php(457): CodeIgniter\CodeIgniter->runController(Object(App\Controllers\Libros))
 3 SYSTEMPATH\CodeIgniter.php(340): CodeIgniter\CodeIgniter->handleRequest(null, Object(Config\Cache), false)
 4 FCPATH\index.php(67): CodeIgniter\CodeIgniter->run()
CRITICAL - 2022-08-09 12:19:51 --> Undefined array key "imagen"
in APPPATH\Controllers\Libros.php on line 53.
 1 APPPATH\Controllers\Libros.php(53): CodeIgniter\Debug\Exceptions->errorHandler(2, 'Undefined array key "imagen"', 'APPPATH\\Controllers\\Libros.php', 53)
 2 SYSTEMPATH\CodeIgniter.php(898): App\Controllers\Libros->borrar('2')
 3 SYSTEMPATH\CodeIgniter.php(457): CodeIgniter\CodeIgniter->runController(Object(App\Controllers\Libros))
 4 SYSTEMPATH\CodeIgniter.php(340): CodeIgniter\CodeIgniter->handleRequest(null, Object(Config\Cache), false)
 5 FCPATH\index.php(67): CodeIgniter\CodeIgniter->run()
CRITICAL - 2022-08-09 12:24:24 --> Undefined property: App\Controllers\Libros::$libro
in APPPATH\Controllers\Libros.php on line 52.
 1 APPPATH\Controllers\Libros.php(52): CodeIgniter\Debug\Exceptions->errorHandler(2, 'Undefined property: App\\Controllers\\Libros::$libro', 'APPPATH\\Controllers\\Libros.php', 52)
 2 SYSTEMPATH\CodeIgniter.php(898): App\Controllers\Libros->borrar('2')
 3 SYSTEMPATH\CodeIgniter.php(457): CodeIgniter\CodeIgniter->runController(Object(App\Controllers\Libros))
 4 SYSTEMPATH\CodeIgniter.php(340): CodeIgniter\CodeIgniter->handleRequest(null, Object(Config\Cache), false)
 5 FCPATH\index.php(67): CodeIgniter\CodeIgniter->run()
CRITICAL - 2022-08-09 12:26:25 --> Undefined property: App\Controllers\Libros::$db
in APPPATH\Controllers\Libros.php on line 52.
 1 APPPATH\Controllers\Libros.php(52): CodeIgniter\Debug\Exceptions->errorHandler(2, 'Undefined property: App\\Controllers\\Libros::$db', 'APPPATH\\Controllers\\Libros.php', 52)
 2 SYSTEMPATH\CodeIgniter.php(898): App\Controllers\Libros->borrar('2')
 3 SYSTEMPATH\CodeIgniter.php(457): CodeIgniter\CodeIgniter->runController(Object(App\Controllers\Libros))
 4 SYSTEMPATH\CodeIgniter.php(340): CodeIgniter\CodeIgniter->handleRequest(null, Object(Config\Cache), false)
 5 FCPATH\index.php(67): CodeIgniter\CodeIgniter->run()
CRITICAL - 2022-08-09 12:29:59 --> Undefined array key "imagen"
in APPPATH\Controllers\Libros.php on line 53.
 1 APPPATH\Controllers\Libros.php(53): CodeIgniter\Debug\Exceptions->errorHandler(2, 'Undefined array key "imagen"', 'APPPATH\\Controllers\\Libros.php', 53)
 2 SYSTEMPATH\CodeIgniter.php(898): App\Controllers\Libros->borrar('2')
 3 SYSTEMPATH\CodeIgniter.php(457): CodeIgniter\CodeIgniter->runController(Object(App\Controllers\Libros))
 4 SYSTEMPATH\CodeIgniter.php(340): CodeIgniter\CodeIgniter->handleRequest(null, Object(Config\Cache), false)
 5 FCPATH\index.php(67): CodeIgniter\CodeIgniter->run()
CRITICAL - 2022-08-09 12:30:56 --> Undefined array key "imagen"
in APPPATH\Controllers\Libros.php on line 53.
 1 APPPATH\Controllers\Libros.php(53): CodeIgniter\Debug\Exceptions->errorHandler(2, 'Undefined array key "imagen"', 'APPPATH\\Controllers\\Libros.php', 53)
 2 SYSTEMPATH\CodeIgniter.php(898): App\Controllers\Libros->borrar('1')
 3 SYSTEMPATH\CodeIgniter.php(457): CodeIgniter\CodeIgniter->runController(Object(App\Controllers\Libros))
 4 SYSTEMPATH\CodeIgniter.php(340): CodeIgniter\CodeIgniter->handleRequest(null, Object(Config\Cache), false)
 5 FCPATH\index.php(67): CodeIgniter\CodeIgniter->run()
CRITICAL - 2022-08-09 12:31:00 --> Undefined array key "imagen"
in APPPATH\Controllers\Libros.php on line 53.
 1 APPPATH\Controllers\Libros.php(53): CodeIgniter\Debug\Exceptions->errorHandler(2, 'Undefined array key "imagen"', 'APPPATH\\Controllers\\Libros.php', 53)
 2 SYSTEMPATH\CodeIgniter.php(898): App\Controllers\Libros->borrar('2')
 3 SYSTEMPATH\CodeIgniter.php(457): CodeIgniter\CodeIgniter->runController(Object(App\Controllers\Libros))
 4 SYSTEMPATH\CodeIgniter.php(340): CodeIgniter\CodeIgniter->handleRequest(null, Object(Config\Cache), false)
 5 FCPATH\index.php(67): CodeIgniter\CodeIgniter->run()
CRITICAL - 2022-08-09 12:31:02 --> Undefined array key "imagen"
in APPPATH\Controllers\Libros.php on line 53.
 1 APPPATH\Controllers\Libros.php(53): CodeIgniter\Debug\Exceptions->errorHandler(2, 'Undefined array key "imagen"', 'APPPATH\\Controllers\\Libros.php', 53)
 2 SYSTEMPATH\CodeIgniter.php(898): App\Controllers\Libros->borrar('3')
 3 SYSTEMPATH\CodeIgniter.php(457): CodeIgniter\CodeIgniter->runController(Object(App\Controllers\Libros))
 4 SYSTEMPATH\CodeIgniter.php(340): CodeIgniter\CodeIgniter->handleRequest(null, Object(Config\Cache), false)
 5 FCPATH\index.php(67): CodeIgniter\CodeIgniter->run()
CRITICAL - 2022-08-09 12:31:04 --> Undefined array key "imagen"
in APPPATH\Controllers\Libros.php on line 53.
 1 APPPATH\Controllers\Libros.php(53): CodeIgniter\Debug\Exceptions->errorHandler(2, 'Undefined array key "imagen"', 'APPPATH\\Controllers\\Libros.php', 53)
 2 SYSTEMPATH\CodeIgniter.php(898): App\Controllers\Libros->borrar('4')
 3 SYSTEMPATH\CodeIgniter.php(457): CodeIgniter\CodeIgniter->runController(Object(App\Controllers\Libros))
 4 SYSTEMPATH\CodeIgniter.php(340): CodeIgniter\CodeIgniter->handleRequest(null, Object(Config\Cache), false)
 5 FCPATH\index.php(67): CodeIgniter\CodeIgniter->run()
CRITICAL - 2022-08-09 12:31:07 --> Undefined array key "imagen"
in APPPATH\Controllers\Libros.php on line 53.
 1 APPPATH\Controllers\Libros.php(53): CodeIgniter\Debug\Exceptions->errorHandler(2, 'Undefined array key "imagen"', 'APPPATH\\Controllers\\Libros.php', 53)
 2 SYSTEMPATH\CodeIgniter.php(898): App\Controllers\Libros->borrar('5')
 3 SYSTEMPATH\CodeIgniter.php(457): CodeIgniter\CodeIgniter->runController(Object(App\Controllers\Libros))
 4 SYSTEMPATH\CodeIgniter.php(340): CodeIgniter\CodeIgniter->handleRequest(null, Object(Config\Cache), false)
 5 FCPATH\index.php(67): CodeIgniter\CodeIgniter->run()
CRITICAL - 2022-08-09 12:31:10 --> Undefined array key "imagen"
in APPPATH\Controllers\Libros.php on line 53.
 1 APPPATH\Controllers\Libros.php(53): CodeIgniter\Debug\Exceptions->errorHandler(2, 'Undefined array key "imagen"', 'APPPATH\\Controllers\\Libros.php', 53)
 2 SYSTEMPATH\CodeIgniter.php(898): App\Controllers\Libros->borrar('6')
 3 SYSTEMPATH\CodeIgniter.php(457): CodeIgniter\CodeIgniter->runController(Object(App\Controllers\Libros))
 4 SYSTEMPATH\CodeIgniter.php(340): CodeIgniter\CodeIgniter->handleRequest(null, Object(Config\Cache), false)
 5 FCPATH\index.php(67): CodeIgniter\CodeIgniter->run()
CRITICAL - 2022-08-09 12:31:50 --> Undefined array key "imagen"
in APPPATH\Controllers\Libros.php on line 53.
 1 APPPATH\Controllers\Libros.php(53): CodeIgniter\Debug\Exceptions->errorHandler(2, 'Undefined array key "imagen"', 'APPPATH\\Controllers\\Libros.php', 53)
 2 SYSTEMPATH\CodeIgniter.php(898): App\Controllers\Libros->borrar('1')
 3 SYSTEMPATH\CodeIgniter.php(457): CodeIgniter\CodeIgniter->runController(Object(App\Controllers\Libros))
 4 SYSTEMPATH\CodeIgniter.php(340): CodeIgniter\CodeIgniter->handleRequest(null, Object(Config\Cache), false)
 5 FCPATH\index.php(67): CodeIgniter\CodeIgniter->run()
CRITICAL - 2022-08-09 12:32:10 --> Undefined array key "imagen"
in APPPATH\Controllers\Libros.php on line 54.
 1 APPPATH\Controllers\Libros.php(54): CodeIgniter\Debug\Exceptions->errorHandler(2, 'Undefined array key "imagen"', 'APPPATH\\Controllers\\Libros.php', 54)
 2 SYSTEMPATH\CodeIgniter.php(898): App\Controllers\Libros->borrar('2')
 3 SYSTEMPATH\CodeIgniter.php(457): CodeIgniter\CodeIgniter->runController(Object(App\Controllers\Libros))
 4 SYSTEMPATH\CodeIgniter.php(340): CodeIgniter\CodeIgniter->handleRequest(null, Object(Config\Cache), false)
 5 FCPATH\index.php(67): CodeIgniter\CodeIgniter->run()
CRITICAL - 2022-08-09 12:32:28 --> Call to undefined method App\Models\Libro::firts
in SYSTEMPATH\Model.php on line 773.
 1 APPPATH\Controllers\Libros.php(52): CodeIgniter\Model->__call('firts', [])
 2 SYSTEMPATH\CodeIgniter.php(898): App\Controllers\Libros->borrar('1')
 3 SYSTEMPATH\CodeIgniter.php(457): CodeIgniter\CodeIgniter->runController(Object(App\Controllers\Libros))
 4 SYSTEMPATH\CodeIgniter.php(340): CodeIgniter\CodeIgniter->handleRequest(null, Object(Config\Cache), false)
 5 FCPATH\index.php(67): CodeIgniter\CodeIgniter->run()
CRITICAL - 2022-08-09 13:18:41 --> Call to undefined method App\Models\Libro::firts
in SYSTEMPATH\Model.php on line 773.
 1 APPPATH\Controllers\Libros.php(52): CodeIgniter\Model->__call('firts', [])
 2 SYSTEMPATH\CodeIgniter.php(898): App\Controllers\Libros->borrar('1')
 3 SYSTEMPATH\CodeIgniter.php(457): CodeIgniter\CodeIgniter->runController(Object(App\Controllers\Libros))
 4 SYSTEMPATH\CodeIgniter.php(340): CodeIgniter\CodeIgniter->handleRequest(null, Object(Config\Cache), false)
 5 FCPATH\index.php(67): CodeIgniter\CodeIgniter->run()
CRITICAL - 2022-08-09 13:18:46 --> Call to undefined method App\Models\Libro::firts
in SYSTEMPATH\Model.php on line 773.
 1 APPPATH\Controllers\Libros.php(52): CodeIgniter\Model->__call('firts', [])
 2 SYSTEMPATH\CodeIgniter.php(898): App\Controllers\Libros->borrar('5')
 3 SYSTEMPATH\CodeIgniter.php(457): CodeIgniter\CodeIgniter->runController(Object(App\Controllers\Libros))
 4 SYSTEMPATH\CodeIgniter.php(340): CodeIgniter\CodeIgniter->handleRequest(null, Object(Config\Cache), false)
 5 FCPATH\index.php(67): CodeIgniter\CodeIgniter->run()
CRITICAL - 2022-08-09 13:27:14 --> Call to undefined method App\Models\Libro::firts
in SYSTEMPATH\Model.php on line 773.
 1 APPPATH\Controllers\Libros.php(52): CodeIgniter\Model->__call('firts', [])
 2 SYSTEMPATH\CodeIgniter.php(898): App\Controllers\Libros->borrar('2')
 3 SYSTEMPATH\CodeIgniter.php(457): CodeIgniter\CodeIgniter->runController(Object(App\Controllers\Libros))
 4 SYSTEMPATH\CodeIgniter.php(340): CodeIgniter\CodeIgniter->handleRequest(null, Object(Config\Cache), false)
 5 FCPATH\index.php(67): CodeIgniter\CodeIgniter->run()
CRITICAL - 2022-08-09 13:32:23 --> Call to undefined method App\Models\Libro::firts
in SYSTEMPATH\Model.php on line 773.
 1 APPPATH\Controllers\Libros.php(52): CodeIgniter\Model->__call('firts', [])
 2 SYSTEMPATH\CodeIgniter.php(898): App\Controllers\Libros->borrar('1')
 3 SYSTEMPATH\CodeIgniter.php(457): CodeIgniter\CodeIgniter->runController(Object(App\Controllers\Libros))
 4 SYSTEMPATH\CodeIgniter.php(340): CodeIgniter\CodeIgniter->handleRequest(null, Object(Config\Cache), false)
 5 FCPATH\index.php(67): CodeIgniter\CodeIgniter->run()
CRITICAL - 2022-08-09 13:43:33 --> Call to undefined method App\Models\Libro::firts
in SYSTEMPATH\Model.php on line 773.
 1 APPPATH\Controllers\Libros.php(52): CodeIgniter\Model->__call('firts', [])
 2 SYSTEMPATH\CodeIgniter.php(898): App\Controllers\Libros->borrar('1')
 3 SYSTEMPATH\CodeIgniter.php(457): CodeIgniter\CodeIgniter->runController(Object(App\Controllers\Libros))
 4 SYSTEMPATH\CodeIgniter.php(340): CodeIgniter\CodeIgniter->handleRequest(null, Object(Config\Cache), false)
 5 FCPATH\index.php(67): CodeIgniter\CodeIgniter->run()
CRITICAL - 2022-08-09 13:44:03 --> Call to undefined method App\Models\Libro::firts
in SYSTEMPATH\Model.php on line 773.
 1 APPPATH\Controllers\Libros.php(52): CodeIgniter\Model->__call('firts', [])
 2 SYSTEMPATH\CodeIgniter.php(898): App\Controllers\Libros->borrar('5')
 3 SYSTEMPATH\CodeIgniter.php(457): CodeIgniter\CodeIgniter->runController(Object(App\Controllers\Libros))
 4 SYSTEMPATH\CodeIgniter.php(340): CodeIgniter\CodeIgniter->handleRequest(null, Object(Config\Cache), false)
 5 FCPATH\index.php(67): CodeIgniter\CodeIgniter->run()
CRITICAL - 2022-08-09 13:45:48 --> Call to undefined method App\Models\Libro::firts
in SYSTEMPATH\Model.php on line 773.
 1 APPPATH\Controllers\Libros.php(52): CodeIgniter\Model->__call('firts', [])
 2 SYSTEMPATH\CodeIgniter.php(898): App\Controllers\Libros->borrar('1')
 3 SYSTEMPATH\CodeIgniter.php(457): CodeIgniter\CodeIgniter->runController(Object(App\Controllers\Libros))
 4 SYSTEMPATH\CodeIgniter.php(340): CodeIgniter\CodeIgniter->handleRequest(null, Object(Config\Cache), false)
 5 FCPATH\index.php(67): CodeIgniter\CodeIgniter->run()
CRITICAL - 2022-08-09 13:53:06 --> Call to undefined method App\Models\Libro::firts
in SYSTEMPATH\Model.php on line 773.
 1 APPPATH\Controllers\Libros.php(52): CodeIgniter\Model->__call('firts', [])
 2 SYSTEMPATH\CodeIgniter.php(898): App\Controllers\Libros->borrar('2')
 3 SYSTEMPATH\CodeIgniter.php(457): CodeIgniter\CodeIgniter->runController(Object(App\Controllers\Libros))
 4 SYSTEMPATH\CodeIgniter.php(340): CodeIgniter\CodeIgniter->handleRequest(null, Object(Config\Cache), false)
 5 FCPATH\index.php(67): CodeIgniter\CodeIgniter->run()
CRITICAL - 2022-08-09 13:54:48 --> Call to undefined method App\Models\Libro::firts
in SYSTEMPATH\Model.php on line 773.
 1 APPPATH\Controllers\Libros.php(52): CodeIgniter\Model->__call('firts', [])
 2 SYSTEMPATH\CodeIgniter.php(898): App\Controllers\Libros->borrar('1')
 3 SYSTEMPATH\CodeIgniter.php(457): CodeIgniter\CodeIgniter->runController(Object(App\Controllers\Libros))
 4 SYSTEMPATH\CodeIgniter.php(340): CodeIgniter\CodeIgniter->handleRequest(null, Object(Config\Cache), false)
 5 FCPATH\index.php(67): CodeIgniter\CodeIgniter->run()
CRITICAL - 2022-08-09 13:57:36 --> Call to undefined method App\Models\Libro::firts
in SYSTEMPATH\Model.php on line 773.
 1 APPPATH\Controllers\Libros.php(52): CodeIgniter\Model->__call('firts', [])
 2 SYSTEMPATH\CodeIgniter.php(898): App\Controllers\Libros->borrar('2')
 3 SYSTEMPATH\CodeIgniter.php(457): CodeIgniter\CodeIgniter->runController(Object(App\Controllers\Libros))
 4 SYSTEMPATH\CodeIgniter.php(340): CodeIgniter\CodeIgniter->handleRequest(null, Object(Config\Cache), false)
 5 FCPATH\index.php(67): CodeIgniter\CodeIgniter->run()
CRITICAL - 2022-08-09 13:58:48 --> Call to undefined method App\Models\Libro::firts
in SYSTEMPATH\Model.php on line 773.
 1 APPPATH\Controllers\Libros.php(52): CodeIgniter\Model->__call('firts', [])
 2 SYSTEMPATH\CodeIgniter.php(898): App\Controllers\Libros->borrar('1')
 3 SYSTEMPATH\CodeIgniter.php(457): CodeIgniter\CodeIgniter->runController(Object(App\Controllers\Libros))
 4 SYSTEMPATH\CodeIgniter.php(340): CodeIgniter\CodeIgniter->handleRequest(null, Object(Config\Cache), false)
 5 FCPATH\index.php(67): CodeIgniter\CodeIgniter->run()
CRITICAL - 2022-08-09 14:02:13 --> Undefined array key "id"
in APPPATH\Controllers\Libros.php on line 53.
 1 APPPATH\Controllers\Libros.php(53): CodeIgniter\Debug\Exceptions->errorHandler(2, 'Undefined array key "id"', 'APPPATH\\Controllers\\Libros.php', 53)
 2 SYSTEMPATH\CodeIgniter.php(898): App\Controllers\Libros->borrar('1')
 3 SYSTEMPATH\CodeIgniter.php(457): CodeIgniter\CodeIgniter->runController(Object(App\Controllers\Libros))
 4 SYSTEMPATH\CodeIgniter.php(340): CodeIgniter\CodeIgniter->handleRequest(null, Object(Config\Cache), false)
 5 FCPATH\index.php(67): CodeIgniter\CodeIgniter->run()
CRITICAL - 2022-08-09 14:05:00 --> Undefined array key "id"
in APPPATH\Controllers\Libros.php on line 53.
 1 APPPATH\Controllers\Libros.php(53): CodeIgniter\Debug\Exceptions->errorHandler(2, 'Undefined array key "id"', 'APPPATH\\Controllers\\Libros.php', 53)
 2 SYSTEMPATH\CodeIgniter.php(898): App\Controllers\Libros->borrar('6')
 3 SYSTEMPATH\CodeIgniter.php(457): CodeIgniter\CodeIgniter->runController(Object(App\Controllers\Libros))
 4 SYSTEMPATH\CodeIgniter.php(340): CodeIgniter\CodeIgniter->handleRequest(null, Object(Config\Cache), false)
 5 FCPATH\index.php(67): CodeIgniter\CodeIgniter->run()
CRITICAL - 2022-08-09 14:15:37 --> Call to undefined method App\Models\Libro::firts
in SYSTEMPATH\Model.php on line 773.
 1 APPPATH\Controllers\Libros.php(51): CodeIgniter\Model->__call('firts', [])
 2 SYSTEMPATH\CodeIgniter.php(898): App\Controllers\Libros->borrar('2')
 3 SYSTEMPATH\CodeIgniter.php(457): CodeIgniter\CodeIgniter->runController(Object(App\Controllers\Libros))
 4 SYSTEMPATH\CodeIgniter.php(340): CodeIgniter\CodeIgniter->handleRequest(null, Object(Config\Cache), false)
 5 FCPATH\index.php(67): CodeIgniter\CodeIgniter->run()
CRITICAL - 2022-08-09 14:17:53 --> Call to undefined method App\Models\Libro::firts
in SYSTEMPATH\Model.php on line 773.
 1 APPPATH\Controllers\Libros.php(51): CodeIgniter\Model->__call('firts', [])
 2 SYSTEMPATH\CodeIgniter.php(898): App\Controllers\Libros->borrar('2')
 3 SYSTEMPATH\CodeIgniter.php(457): CodeIgniter\CodeIgniter->runController(Object(App\Controllers\Libros))
 4 SYSTEMPATH\CodeIgniter.php(340): CodeIgniter\CodeIgniter->handleRequest(null, Object(Config\Cache), false)
 5 FCPATH\index.php(67): CodeIgniter\CodeIgniter->run()
CRITICAL - 2022-08-09 14:19:23 --> unlink(../public/uploads/imagenNode.jpg): No such file or directory
in APPPATH\Controllers\Libros.php on line 54.
 1 [internal function]: CodeIgniter\Debug\Exceptions->errorHandler(2, 'unlink(../public/uploads/imagenNode.jpg): No such file or directory', 'APPPATH\\Controllers\\Libros.php', 54)
 2 APPPATH\Controllers\Libros.php(54): unlink('../public/uploads/imagenNode.jpg')
 3 SYSTEMPATH\CodeIgniter.php(898): App\Controllers\Libros->borrar('2')
 4 SYSTEMPATH\CodeIgniter.php(457): CodeIgniter\CodeIgniter->runController(Object(App\Controllers\Libros))
 5 SYSTEMPATH\CodeIgniter.php(340): CodeIgniter\CodeIgniter->handleRequest(null, Object(Config\Cache), false)
 6 FCPATH\index.php(67): CodeIgniter\CodeIgniter->run()
CRITICAL - 2022-08-09 16:15:32 --> Array to string conversion
in APPPATH\Controllers\Libros.php on line 64.
 1 APPPATH\Controllers\Libros.php(64): CodeIgniter\Debug\Exceptions->errorHandler(2, 'Array to string conversion', 'APPPATH\\Controllers\\Libros.php', 64)
 2 SYSTEMPATH\CodeIgniter.php(898): App\Controllers\Libros->editar('11')
 3 SYSTEMPATH\CodeIgniter.php(457): CodeIgniter\CodeIgniter->runController(Object(App\Controllers\Libros))
 4 SYSTEMPATH\CodeIgniter.php(340): CodeIgniter\CodeIgniter->handleRequest(null, Object(Config\Cache), false)
 5 FCPATH\index.php(67): CodeIgniter\CodeIgniter->run()
CRITICAL - 2022-08-09 16:20:11 --> Array to string conversion
in APPPATH\Views\libros\editar.php on line 3.
 1 APPPATH\Views\libros\editar.php(3): CodeIgniter\Debug\Exceptions->errorHandler(2, 'Array to string conversion', 'APPPATH\\Views\\libros\\editar.php', 3)
 2 SYSTEMPATH\View\View.php(213): include('APPPATH\\Views\\libros\\editar.php')
 3 SYSTEMPATH\View\View.php(216): CodeIgniter\View\View->CodeIgniter\View\{closure}()
 4 SYSTEMPATH\Common.php(1137): CodeIgniter\View\View->render('libros/editar', [], true)
 5 APPPATH\Controllers\Libros.php(69): view('libros/editar', [...])
 6 SYSTEMPATH\CodeIgniter.php(898): App\Controllers\Libros->editar('11')
 7 SYSTEMPATH\CodeIgniter.php(457): CodeIgniter\CodeIgniter->runController(Object(App\Controllers\Libros))
 8 SYSTEMPATH\CodeIgniter.php(340): CodeIgniter\CodeIgniter->handleRequest(null, Object(Config\Cache), false)
 9 FCPATH\index.php(67): CodeIgniter\CodeIgniter->run()
CRITICAL - 2022-08-09 16:20:52 --> Undefined variable $datos
in APPPATH\Views\libros\editar.php on line 3.
 1 APPPATH\Views\libros\editar.php(3): CodeIgniter\Debug\Exceptions->errorHandler(2, 'Undefined variable $datos', 'APPPATH\\Views\\libros\\editar.php', 3)
 2 SYSTEMPATH\View\View.php(213): include('APPPATH\\Views\\libros\\editar.php')
 3 SYSTEMPATH\View\View.php(216): CodeIgniter\View\View->CodeIgniter\View\{closure}()
 4 SYSTEMPATH\Common.php(1137): CodeIgniter\View\View->render('libros/editar', [], true)
 5 APPPATH\Controllers\Libros.php(69): view('libros/editar', [...])
 6 SYSTEMPATH\CodeIgniter.php(898): App\Controllers\Libros->editar('11')
 7 SYSTEMPATH\CodeIgniter.php(457): CodeIgniter\CodeIgniter->runController(Object(App\Controllers\Libros))
 8 SYSTEMPATH\CodeIgniter.php(340): CodeIgniter\CodeIgniter->handleRequest(null, Object(Config\Cache), false)
 9 FCPATH\index.php(67): CodeIgniter\CodeIgniter->run()
CRITICAL - 2022-08-09 16:49:48 --> Trying to access array offset on value of type null
in APPPATH\Views\libros\editar.php on line 12.
 1 APPPATH\Views\libros\editar.php(12): CodeIgniter\Debug\Exceptions->errorHandler(2, 'Trying to access array offset on value of type null', 'APPPATH\\Views\\libros\\editar.php', 12)
 2 SYSTEMPATH\View\View.php(213): include('APPPATH\\Views\\libros\\editar.php')
 3 SYSTEMPATH\View\View.php(216): CodeIgniter\View\View->CodeIgniter\View\{closure}()
 4 SYSTEMPATH\Common.php(1137): CodeIgniter\View\View->render('libros/editar', [], true)
 5 APPPATH\Controllers\Libros.php(69): view('libros/editar', [...])
 6 SYSTEMPATH\CodeIgniter.php(898): App\Controllers\Libros->editar()
 7 SYSTEMPATH\CodeIgniter.php(457): CodeIgniter\CodeIgniter->runController(Object(App\Controllers\Libros))
 8 SYSTEMPATH\CodeIgniter.php(340): CodeIgniter\CodeIgniter->handleRequest(null, Object(Config\Cache), false)
 9 FCPATH\index.php(67): CodeIgniter\CodeIgniter->run()
CRITICAL - 2022-08-09 18:03:16 --> max_sixe is not a valid rule.
in SYSTEMPATH\Validation\Validation.php on line 316.
 1 SYSTEMPATH\Validation\Validation.php(316): CodeIgniter\Validation\Exceptions\ValidationException::forRuleNotFound('max_sixe')
 2 SYSTEMPATH\Validation\Validation.php(175): CodeIgniter\Validation\Validation->processRules('imagen', 'imagen', null, [...], [...])
 3 SYSTEMPATH\Controller.php(140): CodeIgniter\Validation\Validation->run()
 4 APPPATH\Controllers\Libros.php(82): CodeIgniter\Controller->validate([...])
 5 SYSTEMPATH\CodeIgniter.php(898): App\Controllers\Libros->actualizar()
 6 SYSTEMPATH\CodeIgniter.php(457): CodeIgniter\CodeIgniter->runController(Object(App\Controllers\Libros))
 7 SYSTEMPATH\CodeIgniter.php(340): CodeIgniter\CodeIgniter->handleRequest(null, Object(Config\Cache), false)
 8 FCPATH\index.php(67): CodeIgniter\CodeIgniter->run()
CRITICAL - 2022-08-09 18:03:44 --> max_sixe is not a valid rule.
in SYSTEMPATH\Validation\Validation.php on line 316.
 1 SYSTEMPATH\Validation\Validation.php(316): CodeIgniter\Validation\Exceptions\ValidationException::forRuleNotFound('max_sixe')
 2 SYSTEMPATH\Validation\Validation.php(175): CodeIgniter\Validation\Validation->processRules('imagen', 'imagen', null, [...], [...])
 3 SYSTEMPATH\Controller.php(140): CodeIgniter\Validation\Validation->run()
 4 APPPATH\Controllers\Libros.php(82): CodeIgniter\Controller->validate([...])
 5 SYSTEMPATH\CodeIgniter.php(898): App\Controllers\Libros->actualizar()
 6 SYSTEMPATH\CodeIgniter.php(457): CodeIgniter\CodeIgniter->runController(Object(App\Controllers\Libros))
 7 SYSTEMPATH\CodeIgniter.php(340): CodeIgniter\CodeIgniter->handleRequest(null, Object(Config\Cache), false)
 8 FCPATH\index.php(67): CodeIgniter\CodeIgniter->run()
CRITICAL - 2022-08-09 18:05:03 --> max_sixe is not a valid rule.
in SYSTEMPATH\Validation\Validation.php on line 316.
 1 SYSTEMPATH\Validation\Validation.php(316): CodeIgniter\Validation\Exceptions\ValidationException::forRuleNotFound('max_sixe')
 2 SYSTEMPATH\Validation\Validation.php(175): CodeIgniter\Validation\Validation->processRules('imagen', 'imagen', null, [...], [...])
 3 SYSTEMPATH\Controller.php(140): CodeIgniter\Validation\Validation->run()
 4 APPPATH\Controllers\Libros.php(82): CodeIgniter\Controller->validate([...])
 5 SYSTEMPATH\CodeIgniter.php(898): App\Controllers\Libros->actualizar()
 6 SYSTEMPATH\CodeIgniter.php(457): CodeIgniter\CodeIgniter->runController(Object(App\Controllers\Libros))
 7 SYSTEMPATH\CodeIgniter.php(340): CodeIgniter\CodeIgniter->handleRequest(null, Object(Config\Cache), false)
 8 FCPATH\index.php(67): CodeIgniter\CodeIgniter->run()
CRITICAL - 2022-08-09 18:05:15 --> max_sixe is not a valid rule.
in SYSTEMPATH\Validation\Validation.php on line 316.
 1 SYSTEMPATH\Validation\Validation.php(316): CodeIgniter\Validation\Exceptions\ValidationException::forRuleNotFound('max_sixe')
 2 SYSTEMPATH\Validation\Validation.php(175): CodeIgniter\Validation\Validation->processRules('imagen', 'imagen', null, [...], [...])
 3 SYSTEMPATH\Controller.php(140): CodeIgniter\Validation\Validation->run()
 4 APPPATH\Controllers\Libros.php(82): CodeIgniter\Controller->validate([...])
 5 SYSTEMPATH\CodeIgniter.php(898): App\Controllers\Libros->actualizar()
 6 SYSTEMPATH\CodeIgniter.php(457): CodeIgniter\CodeIgniter->runController(Object(App\Controllers\Libros))
 7 SYSTEMPATH\CodeIgniter.php(340): CodeIgniter\CodeIgniter->handleRequest(null, Object(Config\Cache), false)
 8 FCPATH\index.php(67): CodeIgniter\CodeIgniter->run()
CRITICAL - 2022-08-09 18:06:56 --> max_sixe is not a valid rule.
in SYSTEMPATH\Validation\Validation.php on line 316.
 1 SYSTEMPATH\Validation\Validation.php(316): CodeIgniter\Validation\Exceptions\ValidationException::forRuleNotFound('max_sixe')
 2 SYSTEMPATH\Validation\Validation.php(175): CodeIgniter\Validation\Validation->processRules('imagen', 'imagen', null, [...], [...])
 3 SYSTEMPATH\Controller.php(140): CodeIgniter\Validation\Validation->run()
 4 APPPATH\Controllers\Libros.php(82): CodeIgniter\Controller->validate([...])
 5 SYSTEMPATH\CodeIgniter.php(898): App\Controllers\Libros->actualizar()
 6 SYSTEMPATH\CodeIgniter.php(457): CodeIgniter\CodeIgniter->runController(Object(App\Controllers\Libros))
 7 SYSTEMPATH\CodeIgniter.php(340): CodeIgniter\CodeIgniter->handleRequest(null, Object(Config\Cache), false)
 8 FCPATH\index.php(67): CodeIgniter\CodeIgniter->run()
CRITICAL - 2022-08-09 18:19:03 --> The original file is not a valid file.
in SYSTEMPATH\HTTP\Files\UploadedFile.php on line 137.
 1 SYSTEMPATH\HTTP\Files\UploadedFile.php(137): CodeIgniter\HTTP\Exceptions\HTTPException::forInvalidFile()
 2 APPPATH\Controllers\Libros.php(38): CodeIgniter\HTTP\Files\UploadedFile->move('FCPATH\\uploads', '1660087143_0d9ca8dd8010a9f89df2')
 3 SYSTEMPATH\CodeIgniter.php(898): App\Controllers\Libros->guardar()
 4 SYSTEMPATH\CodeIgniter.php(457): CodeIgniter\CodeIgniter->runController(Object(App\Controllers\Libros))
 5 SYSTEMPATH\CodeIgniter.php(340): CodeIgniter\CodeIgniter->handleRequest(null, Object(Config\Cache), false)
 6 FCPATH\index.php(67): CodeIgniter\CodeIgniter->run()
